2022-10-09 15:13:42.542 | INFO     | __main__:main:54 - ³ÌĞò¿ªÊ¼Æô¶¯
2022-10-09 15:13:42.690 | ERROR    | __main__:<module>:81 - An error has been caught in function '<module>', process 'MainProcess' (11384), thread 'MainThread' (41776):
Traceback (most recent call last):

> File "c:/Repos/HBCustomLib/scripts/main.py", line 81, in <module>
    main()
    ©¸ <function main at 0x000001E21C048550>

  File "c:/Repos/HBCustomLib/scripts/main.py", line 56, in main
    myWindow = Application()
               ©¸ <class '__main__.Application'>

  File "c:/Repos/HBCustomLib/scripts/main.py", line 23, in __init__
    self.initWindow()
    ©¦    ©¸ <function Application.initWindow at 0x000001E21C032B80>
    ©¸ <__main__.Application object at 0x000001E21C05A5E0>

  File "c:/Repos/HBCustomLib/scripts/main.py", line 36, in initWindow
    self.setWindowIcon(QIcon(AppInfo.ICO_PATH))
    ©¦    ©¦             ©¦     ©¸ <class 'constants.AppInfo'>
    ©¦    ©¦             ©¸ <class 'PyQt5.QtGui.QIcon'>
    ©¦    ©¸ <built-in method setWindowIcon>
    ©¸ <__main__.Application object at 0x000001E21C05A5E0>

AttributeError: type object 'AppInfo' has no attribute 'ICO_PATH'
2022-10-09 15:13:45.309 | ERROR    | __main__:<module>:84 - Õ¨ÁË
2022-10-09 15:13:57.724 | INFO     | __main__:main:54 - ³ÌĞò¿ªÊ¼Æô¶¯
2022-10-09 15:13:57.861 | ERROR    | __main__:<module>:81 - An error has been caught in function '<module>', process 'MainProcess' (11856), thread 'MainThread' (7704):
Traceback (most recent call last):

> File "c:/Repos/HBCustomLib/scripts/main.py", line 81, in <module>
    main()
    ©¸ <function main at 0x00000213BEC935E0>

  File "c:/Repos/HBCustomLib/scripts/main.py", line 56, in main
    myWindow = Application()
               ©¸ <class '__main__.Application'>

  File "c:/Repos/HBCustomLib/scripts/main.py", line 24, in __init__
    self.initWidget()
    ©¦    ©¸ <function Application.initWidget at 0x00000213BEC934C0>
    ©¸ <__main__.Application object at 0x00000213BECA0670>

  File "c:/Repos/HBCustomLib/scripts/main.py", line 42, in initWidget
    self.btn_selectPath.clicked.connect(self.clickedSelectPath)
    ©¦    ©¦              ©¦               ©¸ <__main__.Application object at 0x00000213BECA0670>
    ©¦    ©¦              ©¸ <unbound PYQT_SIGNAL clicked(bool)>
    ©¦    ©¸ <PyQt5.QtWidgets.QPushButton object at 0x00000213BECA09D0>
    ©¸ <__main__.Application object at 0x00000213BECA0670>

AttributeError: 'Application' object has no attribute 'clickedSelectPath'
2022-10-09 15:13:59.357 | ERROR    | __main__:<module>:84 - Õ¨ÁË
2022-10-09 15:14:50.310 | INFO     | __main__:main:60 - ³ÌĞò¿ªÊ¼Æô¶¯
2022-10-09 15:14:50.443 | INFO     | __main__:main:63 - ³ÌĞò¿ªÊ¼ÔËĞĞ
2022-10-09 15:15:01.093 | INFO     | __main__:main:69 - ³ÌĞò³É¹¦ÍË³ö£¬·µ»ØÖµÎª£º0
2022-10-09 15:15:02.690 | INFO     | __main__:main:60 - ³ÌĞò¿ªÊ¼Æô¶¯
2022-10-09 15:15:02.826 | INFO     | __main__:main:63 - ³ÌĞò¿ªÊ¼ÔËĞĞ
2022-10-09 15:15:13.633 | INFO     | __main__:main:69 - ³ÌĞò³É¹¦ÍË³ö£¬·µ»ØÖµÎª£º0
2022-10-09 15:15:27.131 | INFO     | __main__:main:60 - ³ÌĞò¿ªÊ¼Æô¶¯
2022-10-09 15:15:27.265 | INFO     | __main__:main:63 - ³ÌĞò¿ªÊ¼ÔËĞĞ
2022-10-09 15:15:41.543 | INFO     | __main__:main:69 - ³ÌĞò³É¹¦ÍË³ö£¬·µ»ØÖµÎª£º0
2022-10-09 15:21:24.306 | INFO     | __main__:main:60 - ³ÌĞò¿ªÊ¼Æô¶¯
2022-10-09 15:21:24.446 | INFO     | __main__:main:63 - ³ÌĞò¿ªÊ¼ÔËĞĞ
2022-10-09 15:21:28.763 | INFO     | __main__:main:69 - ³ÌĞò³É¹¦ÍË³ö£¬·µ»ØÖµÎª£º0
2022-10-09 15:25:20.421 | INFO     | __main__:main:61 - ³ÌĞò¿ªÊ¼Æô¶¯
2022-10-09 15:25:20.562 | INFO     | __main__:main:64 - ³ÌĞò¿ªÊ¼ÔËĞĞ
2022-10-09 15:25:32.562 | INFO     | __main__:main:70 - ³ÌĞò³É¹¦ÍË³ö£¬·µ»ØÖµÎª£º0
2022-10-09 15:27:52.484 | INFO     | __main__:main:61 - ³ÌĞò¿ªÊ¼Æô¶¯
2022-10-09 15:27:52.626 | INFO     | __main__:main:64 - ³ÌĞò¿ªÊ¼ÔËĞĞ
2022-10-09 15:27:56.441 | INFO     | __main__:main:70 - ³ÌĞò³É¹¦ÍË³ö£¬·µ»ØÖµÎª£º0
2022-10-09 15:28:00.878 | INFO     | __main__:main:61 - ³ÌĞò¿ªÊ¼Æô¶¯
2022-10-09 15:28:01.017 | INFO     | __main__:main:64 - ³ÌĞò¿ªÊ¼ÔËĞĞ
2022-10-09 15:28:22.652 | INFO     | __main__:main:70 - ³ÌĞò³É¹¦ÍË³ö£¬·µ»ØÖµÎª£º0
2022-10-09 15:31:51.577 | INFO     | __main__:main:64 - ³ÌĞò¿ªÊ¼Æô¶¯
2022-10-09 15:31:51.721 | INFO     | __main__:main:67 - ³ÌĞò¿ªÊ¼ÔËĞĞ
2022-10-09 15:31:57.157 | INFO     | __main__:main:73 - ³ÌĞò³É¹¦ÍË³ö£¬·µ»ØÖµÎª£º0
2022-10-09 15:32:22.349 | INFO     | __main__:main:64 - ³ÌĞò¿ªÊ¼Æô¶¯
2022-10-09 15:32:22.485 | INFO     | __main__:main:67 - ³ÌĞò¿ªÊ¼ÔËĞĞ
2022-10-09 15:32:41.677 | INFO     | __main__:main:73 - ³ÌĞò³É¹¦ÍË³ö£¬·µ»ØÖµÎª£º0
2022-10-09 15:35:46.694 | INFO     | __main__:main:67 - ³ÌĞò¿ªÊ¼Æô¶¯
2022-10-09 15:35:46.830 | INFO     | __main__:main:70 - ³ÌĞò¿ªÊ¼ÔËĞĞ
2022-10-09 15:35:57.455 | INFO     | __main__:main:76 - ³ÌĞò³É¹¦ÍË³ö£¬·µ»ØÖµÎª£º0
2022-10-09 15:36:03.962 | INFO     | __main__:main:67 - ³ÌĞò¿ªÊ¼Æô¶¯
2022-10-09 15:36:04.099 | INFO     | __main__:main:70 - ³ÌĞò¿ªÊ¼ÔËĞĞ
2022-10-09 15:36:11.957 | INFO     | __main__:main:76 - ³ÌĞò³É¹¦ÍË³ö£¬·µ»ØÖµÎª£º0
2022-10-09 15:56:15.087 | INFO     | __main__:main:75 - ³ÌĞò¿ªÊ¼Æô¶¯
2022-10-09 15:56:15.402 | INFO     | __main__:main:78 - ³ÌĞò¿ªÊ¼ÔËĞĞ
2022-10-09 15:56:17.217 | INFO     | __main__:main:84 - ³ÌĞò³É¹¦ÍË³ö£¬·µ»ØÖµÎª£º0
2022-10-09 16:56:10.819 | INFO     | __main__:main:102 - ³ÌĞò¿ªÊ¼Æô¶¯
2022-10-09 16:56:16.247 | INFO     | __main__:main:111 - ³ÌĞò³É¹¦ÍË³ö£¬·µ»ØÖµÎª£º0
2022-10-09 16:56:23.515 | INFO     | __main__:main:102 - ³ÌĞò¿ªÊ¼Æô¶¯
2022-10-09 16:56:25.128 | INFO     | __main__:main:111 - ³ÌĞò³É¹¦ÍË³ö£¬·µ»ØÖµÎª£º0
2022-10-09 16:57:15.596 | INFO     | __main__:main:102 - ³ÌĞò¿ªÊ¼Æô¶¯
2022-10-09 16:58:58.388 | INFO     | __main__:main:102 - ³ÌĞò¿ªÊ¼Æô¶¯
2022-10-09 16:58:58.525 | INFO     | __main__:main:105 - ³ÌĞò¿ªÊ¼ÔËĞĞ
2022-10-09 16:59:47.448 | INFO     | __main__:main:111 - ³ÌĞò³É¹¦ÍË³ö£¬·µ»ØÖµÎª£º0
2022-10-09 18:17:29.952 | INFO     | __main__:main:102 - ³ÌĞò¿ªÊ¼Æô¶¯
2022-10-09 18:17:30.107 | INFO     | __main__:main:105 - ³ÌĞò¿ªÊ¼ÔËĞĞ
2022-10-09 18:17:41.278 | INFO     | __main__:main:111 - ³ÌĞò³É¹¦ÍË³ö£¬·µ»ØÖµÎª£º0
2022-10-09 19:04:57.549 | INFO     | __main__:main:100 - ³ÌĞò¿ªÊ¼Æô¶¯
2022-10-09 19:04:57.712 | INFO     | __main__:main:103 - ³ÌĞò¿ªÊ¼ÔËĞĞ
2022-10-09 19:05:41.750 | INFO     | __main__:main:100 - ³ÌĞò¿ªÊ¼Æô¶¯
2022-10-09 19:05:41.900 | INFO     | __main__:main:103 - ³ÌĞò¿ªÊ¼ÔËĞĞ
2022-10-09 19:16:12.992 | INFO     | __main__:main:115 - ³ÌĞò¿ªÊ¼Æô¶¯
2022-10-09 19:16:13.132 | INFO     | __main__:main:118 - ³ÌĞò¿ªÊ¼ÔËĞĞ
2022-10-09 19:16:17.640 | INFO     | __main__:main:115 - ³ÌĞò¿ªÊ¼Æô¶¯
2022-10-09 19:16:17.672 | INFO     | __main__:main:118 - ³ÌĞò¿ªÊ¼ÔËĞĞ
2022-10-09 19:19:03.548 | INFO     | __main__:main:115 - ³ÌĞò¿ªÊ¼Æô¶¯
2022-10-09 19:19:03.693 | INFO     | __main__:main:118 - ³ÌĞò¿ªÊ¼ÔËĞĞ
2022-10-09 19:19:09.516 | INFO     | __main__:main:115 - ³ÌĞò¿ªÊ¼Æô¶¯
2022-10-09 19:19:09.545 | INFO     | __main__:main:118 - ³ÌĞò¿ªÊ¼ÔËĞĞ
2022-10-09 19:26:01.273 | INFO     | __main__:main:114 - ³ÌĞò¿ªÊ¼Æô¶¯
2022-10-09 19:26:01.411 | INFO     | __main__:main:117 - ³ÌĞò¿ªÊ¼ÔËĞĞ
2022-10-09 19:42:17.128 | INFO     | __main__:main:128 - ³ÌĞò¿ªÊ¼Æô¶¯
2022-10-09 19:42:17.275 | INFO     | __main__:main:131 - ³ÌĞò¿ªÊ¼ÔËĞĞ
2022-10-09 19:43:47.301 | INFO     | __main__:main:128 - ³ÌĞò¿ªÊ¼Æô¶¯
2022-10-09 19:43:47.449 | INFO     | __main__:main:131 - ³ÌĞò¿ªÊ¼ÔËĞĞ
2022-10-09 19:43:49.660 | INFO     | __main__:main:137 - ³ÌĞò³É¹¦ÍË³ö£¬·µ»ØÖµÎª£º0
2022-10-09 19:44:30.240 | INFO     | __main__:main:128 - ³ÌĞò¿ªÊ¼Æô¶¯
2022-10-09 19:44:30.381 | INFO     | __main__:main:131 - ³ÌĞò¿ªÊ¼ÔËĞĞ
2022-10-09 19:46:58.648 | INFO     | __main__:main:128 - ³ÌĞò¿ªÊ¼Æô¶¯
2022-10-09 19:46:58.787 | INFO     | __main__:main:131 - ³ÌĞò¿ªÊ¼ÔËĞĞ
2022-10-09 19:50:05.076 | INFO     | __main__:main:128 - ³ÌĞò¿ªÊ¼Æô¶¯
2022-10-09 19:50:05.219 | INFO     | __main__:main:131 - ³ÌĞò¿ªÊ¼ÔËĞĞ
2022-10-09 19:53:09.123 | INFO     | __main__:main:128 - ³ÌĞò¿ªÊ¼Æô¶¯
2022-10-09 19:53:09.263 | INFO     | __main__:main:131 - ³ÌĞò¿ªÊ¼ÔËĞĞ
2022-10-09 19:53:26.658 | INFO     | __main__:main:137 - ³ÌĞò³É¹¦ÍË³ö£¬·µ»ØÖµÎª£º0
2022-10-09 19:53:57.680 | INFO     | __main__:main:128 - ³ÌĞò¿ªÊ¼Æô¶¯
2022-10-09 19:53:57.818 | INFO     | __main__:main:131 - ³ÌĞò¿ªÊ¼ÔËĞĞ
2022-10-09 19:54:11.855 | INFO     | __main__:main:137 - ³ÌĞò³É¹¦ÍË³ö£¬·µ»ØÖµÎª£º0
2022-10-09 19:55:27.646 | INFO     | __main__:main:128 - ³ÌĞò¿ªÊ¼Æô¶¯
2022-10-09 19:55:27.787 | INFO     | __main__:main:131 - ³ÌĞò¿ªÊ¼ÔËĞĞ
2022-10-09 19:55:57.592 | INFO     | __main__:main:137 - ³ÌĞò³É¹¦ÍË³ö£¬·µ»ØÖµÎª£º0
2022-10-09 20:08:16.955 | INFO     | __main__:main:128 - ³ÌĞò¿ªÊ¼Æô¶¯
2022-10-09 20:08:17.102 | INFO     | __main__:main:131 - ³ÌĞò¿ªÊ¼ÔËĞĞ
2022-10-09 20:08:20.175 | INFO     | __main__:main:137 - ³ÌĞò³É¹¦ÍË³ö£¬·µ»ØÖµÎª£º0
2022-10-09 20:09:57.685 | INFO     | __main__:main:128 - ³ÌĞò¿ªÊ¼Æô¶¯
2022-10-09 20:09:57.838 | INFO     | __main__:main:131 - ³ÌĞò¿ªÊ¼ÔËĞĞ
2022-10-09 20:10:17.513 | INFO     | __main__:main:137 - ³ÌĞò³É¹¦ÍË³ö£¬·µ»ØÖµÎª£º0
2022-10-09 20:14:14.688 | INFO     | __main__:main:128 - ³ÌĞò¿ªÊ¼Æô¶¯
2022-10-09 20:14:14.841 | INFO     | __main__:main:131 - ³ÌĞò¿ªÊ¼ÔËĞĞ
2022-10-09 20:14:24.595 | INFO     | __main__:main:137 - ³ÌĞò³É¹¦ÍË³ö£¬·µ»ØÖµÎª£º0
2022-10-09 20:18:35.674 | INFO     | __main__:main:128 - ³ÌĞò¿ªÊ¼Æô¶¯
2022-10-09 20:18:35.814 | INFO     | __main__:main:131 - ³ÌĞò¿ªÊ¼ÔËĞĞ
2022-10-09 20:18:39.562 | INFO     | __main__:main:137 - ³ÌĞò³É¹¦ÍË³ö£¬·µ»ØÖµÎª£º0
2022-10-09 20:27:12.966 | INFO     | __main__:main:128 - ç¨‹åºå¼€å§‹å¯åŠ¨
2022-10-09 20:27:13.262 | INFO     | __main__:main:131 - ç¨‹åºå¼€å§‹è¿è¡Œ
2022-10-09 20:27:21.044 | INFO     | __main__:main:137 - ç¨‹åºæˆåŠŸé€€å‡ºï¼Œè¿”å›å€¼ä¸ºï¼š0
2022-10-09 20:34:24.029 | INFO     | __main__:main:128 - ç¨‹åºå¼€å§‹å¯åŠ¨
2022-10-09 20:34:24.176 | INFO     | __main__:main:131 - ç¨‹åºå¼€å§‹è¿è¡Œ
2022-10-09 20:34:34.701 | INFO     | __main__:main:137 - ç¨‹åºæˆåŠŸé€€å‡ºï¼Œè¿”å›å€¼ä¸ºï¼š0
2022-10-09 20:43:25.768 | INFO     | __main__:main:132 - ç¨‹åºå¼€å§‹å¯åŠ¨
2022-10-09 20:43:25.946 | INFO     | __main__:main:135 - ç¨‹åºå¼€å§‹è¿è¡Œ
2022-10-09 20:43:34.685 | INFO     | __main__:main:141 - ç¨‹åºæˆåŠŸé€€å‡ºï¼Œè¿”å›å€¼ä¸ºï¼š0
2022-10-09 20:44:14.287 | INFO     | __main__:main:132 - ç¨‹åºå¼€å§‹å¯åŠ¨
2022-10-09 20:44:14.433 | INFO     | __main__:main:135 - ç¨‹åºå¼€å§‹è¿è¡Œ
2022-10-09 20:44:20.879 | INFO     | __main__:main:141 - ç¨‹åºæˆåŠŸé€€å‡ºï¼Œè¿”å›å€¼ä¸ºï¼š0
2022-10-09 20:45:05.747 | INFO     | __main__:main:132 - ç¨‹åºå¼€å§‹å¯åŠ¨
2022-10-09 20:45:05.889 | INFO     | __main__:main:135 - ç¨‹åºå¼€å§‹è¿è¡Œ
2022-10-09 20:45:13.935 | INFO     | __main__:main:141 - ç¨‹åºæˆåŠŸé€€å‡ºï¼Œè¿”å›å€¼ä¸ºï¼š0
2022-10-09 20:54:05.816 | INFO     | __main__:main:132 - ç¨‹åºå¼€å§‹å¯åŠ¨
2022-10-09 20:54:05.959 | INFO     | __main__:main:135 - ç¨‹åºå¼€å§‹è¿è¡Œ
2022-10-09 20:55:29.585 | INFO     | __main__:main:132 - ç¨‹åºå¼€å§‹å¯åŠ¨
2022-10-09 20:55:29.730 | INFO     | __main__:main:135 - ç¨‹åºå¼€å§‹è¿è¡Œ
2022-10-09 20:55:42.647 | INFO     | __main__:main:141 - ç¨‹åºæˆåŠŸé€€å‡ºï¼Œè¿”å›å€¼ä¸ºï¼š0
2022-10-09 20:57:52.704 | INFO     | __main__:main:132 - ç¨‹åºå¼€å§‹å¯åŠ¨
2022-10-09 20:57:52.877 | INFO     | __main__:main:135 - ç¨‹åºå¼€å§‹è¿è¡Œ
2022-10-09 20:58:02.156 | INFO     | __main__:main:141 - ç¨‹åºæˆåŠŸé€€å‡ºï¼Œè¿”å›å€¼ä¸ºï¼š0
